<?xml version="1.0" encoding="UTF-8"?>
<!-- Generated by org.testng.reporters.JUnitReportReporter -->
<testsuite skipped="0" hostname="wgin-ntb-007" name="TestCases.RegistrationTc" tests="2" failures="0" timestamp="25 Jun 2021 07:25:57 GMT" time="9.318" errors="0">
  <testcase name="validateLanguageDropDown" time="0.806" classname="TestCases.RegistrationTc"/>
  <testcase name="registration" time="8.512" classname="TestCases.RegistrationTc"/>
</testsuite> <!-- TestCases.RegistrationTc -->
